<?xml version="1.0" encoding="UTF-8"?>
<testng-results ignored="0" total="1" passed="1" failed="0" skipped="0">
  <reporter-output>
  </reporter-output>
  <suite started-at="2021-09-24T05:27:08Z" name="Default suite" finished-at="2021-09-24T05:27:19Z" duration-ms="11055">
    <groups>
    </groups>
    <test started-at="2021-09-24T05:27:08Z" name="Default test" finished-at="2021-09-24T05:27:19Z" duration-ms="11055">
      <class name="automationtask.tugas.AppTest">
        <test-method is-config="true" signature="createChromeDriver()[pri:0, instance:automationtask.tugas.AppTest@68d279ec]" started-at="2021-09-24T05:27:08Z" name="createChromeDriver" finished-at="2021-09-24T05:27:15Z" duration-ms="7699" status="PASS">
          <reporter-output>
          </reporter-output>
        </test-method> <!-- createChromeDriver -->
        <test-method signature="testSwitching()[pri:0, instance:automationtask.tugas.AppTest@68d279ec]" started-at="2021-09-24T05:27:15Z" name="testSwitching" finished-at="2021-09-24T05:27:18Z" duration-ms="2722" status="PASS">
          <reporter-output>
          </reporter-output>
        </test-method> <!-- testSwitching -->
        <test-method is-config="true" signature="quitChromeDriver()[pri:0, instance:automationtask.tugas.AppTest@68d279ec]" started-at="2021-09-24T05:27:18Z" name="quitChromeDriver" finished-at="2021-09-24T05:27:19Z" duration-ms="615" status="PASS">
          <reporter-output>
          </reporter-output>
        </test-method> <!-- quitChromeDriver -->
      </class> <!-- automationtask.tugas.AppTest -->
    </test> <!-- Default test -->
  </suite> <!-- Default suite -->
</testng-results>
