<?xml version="1.0" encoding="UTF-8"?>
<testng-results ignored="0" total="1" passed="1" failed="0" skipped="0">
  <reporter-output>
  </reporter-output>
  <suite started-at="2021-09-24T13:49:29Z" name="Default suite" finished-at="2021-09-24T13:49:45Z" duration-ms="15274">
    <groups>
    </groups>
    <test started-at="2021-09-24T13:49:29Z" name="Default test" finished-at="2021-09-24T13:49:45Z" duration-ms="15274">
      <class name="automationtask.tugas.AppTest">
        <test-method is-config="true" signature="createChromeDriver()[pri:0, instance:automationtask.tugas.AppTest@68d279ec]" started-at="2021-09-24T13:49:29Z" name="createChromeDriver" finished-at="2021-09-24T13:49:32Z" duration-ms="2921" status="PASS">
          <reporter-output>
          </reporter-output>
        </test-method> <!-- createChromeDriver -->
        <test-method signature="TripToAndFrom()[pri:0, instance:automationtask.tugas.AppTest@68d279ec]" started-at="2021-09-24T13:49:32Z" name="TripToAndFrom" finished-at="2021-09-24T13:49:44Z" duration-ms="11705" status="PASS">
          <reporter-output>
          </reporter-output>
        </test-method> <!-- TripToAndFrom -->
        <test-method is-config="true" signature="quitChromeDriver()[pri:0, instance:automationtask.tugas.AppTest@68d279ec]" started-at="2021-09-24T13:49:44Z" name="quitChromeDriver" finished-at="2021-09-24T13:49:45Z" duration-ms="630" status="PASS">
          <reporter-output>
          </reporter-output>
        </test-method> <!-- quitChromeDriver -->
      </class> <!-- automationtask.tugas.AppTest -->
    </test> <!-- Default test -->
  </suite> <!-- Default suite -->
</testng-results>
